<?xml version="1.0" encoding="UTF-8"?>
<testsuite xmlns:xsi="http://www.w3.org/2001/XMLSchema-instance" xsi:noNamespaceSchemaLocation="https://maven.apache.org/surefire/maven-surefire-plugin/xsd/surefire-test-report-3.0.xsd" version="3.0" name="top.testeru.str.StrTest" time="0.115" tests="1" errors="0" skipped="0" failures="0">
  <properties>
[...]
</properties>
  <testcase name="str1" classname="top.testeru.str.StrTest" time="0.066">
    <system-out><![CDATA[2023-03-29 19:14:34  &amp#27;[34m&amp#27;[0;39mINFO  &amp#27;[35m[main]&amp#27;[0;39m &amp#27;[33mtop.testeru.Calculator.<init>(Calculator.java:47)&amp#27;[0;39m -- 创建 计算器 
before and after
testInfo获取：字符串拼接的测试用例
Optional[str1]------
2023-03-29 19:14:34  &amp#27;[34m&amp#27;[0;39mINFO  &amp#27;[35m[main]&amp#27;[0;39m &amp#27;[33mtop.testeru.BaseTest.beforeEach(BaseTest.java:73)&amp#27;[0;39m -- 开始进行 字符串拼接 计算
Hello JUnit5
before and after
2023-03-29 19:14:34  &amp#27;[34m&amp#27;[0;39mINFO  &amp#27;[35m[main]&amp#27;[0;39m &amp#27;[33mtop.testeru.BaseTest.afterEach(BaseTest.java:110)&amp#27;[0;39m -- 计算结果为Hello JUnit5
]]></system-out>
  </testcase>
</testsuite>